[2025-08-28 09:15:27,446 Thread=.NET Long Running Task]
apply singleServerConfig on current server: 
	revId: fdb991e6-a9bd-44bf-96f2-59e628ec8ac0, id: 20473f63-426f-4537-aa47-687adece628e, name: Новая конфигурация
SERVER: 
	id: f97e167c-0fc1-424b-a9e2-335ed53550bd, port: 8080, serverUrl: http://172.28.28.208:8080, name: VS6 isReplicationServer: False, useFastReserving: False
CHANNEL_BINDINGS:
	channelId: 37475bad-4ae9-408f-80aa-ae589f004112(Продажа Кованных изделий), serverId: f97e167c-0fc1-424b-a9e2-335ed53550bd(VS6)
	channelId: d2687fcf-5cca-4888-b130-caeddc3d01c2(Складчики База 3), serverId: f97e167c-0fc1-424b-a9e2-335ed53550bd(VS6)
	channelId: a0327005-3014-4a8e-ac5d-ba773b9d1933(Пост - База 2-3 Проход), serverId: f97e167c-0fc1-424b-a9e2-335ed53550bd(VS6)
	channelId: fc2f0806-2d9c-4dd5-9a58-4caf17b2f034(База 2 погрузка 1), serverId: f97e167c-0fc1-424b-a9e2-335ed53550bd(VS6)
	channelId: 7ef9a8a7-6430-4d97-9b1d-ec408f5f5809(Двор База 2-3 Подъезд), serverId: f97e167c-0fc1-424b-a9e2-335ed53550bd(VS6)
	channelId: 0ea06e61-3128-4a99-bc21-bf2ab35f6336(Двор Пост База 2-3 Номера), serverId: f97e167c-0fc1-424b-a9e2-335ed53550bd(VS6)
	channelId: 049fa880-5cd0-47d7-84ee-18a9d8960438(Двор Б2 ворота), serverId: f97e167c-0fc1-424b-a9e2-335ed53550bd(VS6)
	channelId: 33f9c112-0277-4395-a667-c27265b1d879(Двор Б2 Раздевалка), serverId: f97e167c-0fc1-424b-a9e2-335ed53550bd(VS6)
	channelId: 33668f37-2c35-4152-8362-d0be237ca031(Двор Б2 Вход Цех Отводов), serverId: f97e167c-0fc1-424b-a9e2-335ed53550bd(VS6)
	channelId: d8bf68de-f493-4fe7-b6e4-308d756d08d4(Двор Б3 Цех пескоструйный), serverId: f97e167c-0fc1-424b-a9e2-335ed53550bd(VS6)
	channelId: dfe9d453-dcc2-4b73-8be0-204893b2a59c(Двор Б3 Вход Цех Сварочный), serverId: f97e167c-0fc1-424b-a9e2-335ed53550bd(VS6)
	channelId: ad27d96e-959d-4a27-a03a-cad9de837259(Двор Б3 Ворота Въезд), serverId: f97e167c-0fc1-424b-a9e2-335ed53550bd(VS6)
	channelId: 75d9be0a-e26a-4731-bf99-8d36da92320a(Двор Б3 Вход ППР Продажи), serverId: f97e167c-0fc1-424b-a9e2-335ed53550bd(VS6)
	channelId: ef2e668d-020e-4bb7-9598-b4ad014d4009(Двор Б3 Автослесарная), serverId: f97e167c-0fc1-424b-a9e2-335ed53550bd(VS6)
	channelId: 9dbc172c-aa4c-4e92-baf0-38196bdf55b0(Двор Б2 ППР Склады), serverId: f97e167c-0fc1-424b-a9e2-335ed53550bd(VS6)
	channelId: 704a3ff6-a28d-4778-8ea9-da20123bc946(Цех Сварочный - Покраска), serverId: f97e167c-0fc1-424b-a9e2-335ed53550bd(VS6)
	channelId: b62019cc-3f77-4be2-83aa-422d0204d22e(Цех Сварочный 2), serverId: f97e167c-0fc1-424b-a9e2-335ed53550bd(VS6)
	channelId: 19d8b89c-a612-418f-ae24-140c0f6b2971(Цех Сварочный 3), serverId: f97e167c-0fc1-424b-a9e2-335ed53550bd(VS6)
	channelId: 256f0258-4d97-4565-829c-62ec71bbb4c7(Склад ППР товаров 2), serverId: f97e167c-0fc1-424b-a9e2-335ed53550bd(VS6)
	channelId: e93d3057-3389-40e1-b713-5c8c2933f690(Склад ППР товаров 3), serverId: f97e167c-0fc1-424b-a9e2-335ed53550bd(VS6)
	channelId: ca2ae99c-f878-4f90-9e54-2a53e0336b09(Подсобка Строй бригады), serverId: f97e167c-0fc1-424b-a9e2-335ed53550bd(VS6)
	channelId: c9cd9e9b-33a3-4e77-a94c-fc7beef4d128(Двор Б3 Цех Отводов), serverId: f97e167c-0fc1-424b-a9e2-335ed53550bd(VS6)
	channelId: c63bd47a-fa6d-4673-b7a7-9b2c0b452c68(Двор Б2), serverId: f97e167c-0fc1-424b-a9e2-335ed53550bd(VS6)
	channelId: aa790fcb-0998-4caa-ad9f-e945ad84f658(B4 office 2nd Floor Corridor 1), serverId: f97e167c-0fc1-424b-a9e2-335ed53550bd(VS6)
	channelId: 62b975a9-7886-42fb-870c-a6ca81337f12(B4 office 2nd Floor Room Server room), serverId: f97e167c-0fc1-424b-a9e2-335ed53550bd(VS6)
	channelId: 217f2322-14ea-4282-9369-07f529b7e82b(Продажа ППР), serverId: f97e167c-0fc1-424b-a9e2-335ed53550bd(VS6)
	channelId: dc7567ae-3c71-4d9e-b71a-2fabcb82933c(B4 office 2nd Floor 206 room), serverId: f97e167c-0fc1-424b-a9e2-335ed53550bd(VS6)
	channelId: 4b0cbd77-d3c7-42f1-8cdb-37d7120f44b5(B4 office 2nd Floor 207 room), serverId: f97e167c-0fc1-424b-a9e2-335ed53550bd(VS6)
	channelId: 22a5b025-b194-4aa5-bd0d-84c2acb0de9a(B4 office 2nd Floor 209 room), serverId: f97e167c-0fc1-424b-a9e2-335ed53550bd(VS6)
	channelId: 87b384f0-c19d-4801-a41e-c13b1e95fcfc(B3 Автослесорная), serverId: f97e167c-0fc1-424b-a9e2-335ed53550bd(VS6)
	channelId: fb317655-c374-42e9-8ac6-8fc012b38b13(B3 Гараж), serverId: f97e167c-0fc1-424b-a9e2-335ed53550bd(VS6)
	channelId: 7b11d362-24e1-404d-b4df-a909da1cfe1e(B4 office 2nd Floor 203 room), serverId: f97e167c-0fc1-424b-a9e2-335ed53550bd(VS6)
	channelId: a5796aa8-82f9-400b-a0d0-efe6e9688110(B4 office 2nd Floor Conf Hall), serverId: f97e167c-0fc1-424b-a9e2-335ed53550bd(VS6)
	channelId: 42cf3234-e9c4-44d9-ac55-066188e0edd7(Касса Б4), serverId: f97e167c-0fc1-424b-a9e2-335ed53550bd(VS6)
	channelId: f5cdd0a3-06fa-4bb0-914a-e91327e079a9(Продажа Металлобаза 1), serverId: f97e167c-0fc1-424b-a9e2-335ed53550bd(VS6)
	channelId: ade80f53-6c99-43af-9522-15458abe8cba(Продажа Металлобаза 2), serverId: f97e167c-0fc1-424b-a9e2-335ed53550bd(VS6)
	channelId: 0203892c-429c-4192-af04-64d5edd63065(Ресепшн 1 этаж), serverId: f97e167c-0fc1-424b-a9e2-335ed53550bd(VS6)
	channelId: 8726d0dc-6246-459e-ab82-019845601315(Meeting room 1 -1ndFloor), serverId: f97e167c-0fc1-424b-a9e2-335ed53550bd(VS6)
	channelId: 1bd3995a-a21c-47fd-b917-617e331b2ac2(Касса), serverId: f97e167c-0fc1-424b-a9e2-335ed53550bd(VS6)
	channelId: 313c6d2b-631a-4209-b3a8-3022a7600588(Касса-Деньги), serverId: f97e167c-0fc1-424b-a9e2-335ed53550bd(VS6)
	channelId: 9e2a4fad-d2f5-4897-98ac-65ff294a0348(Серверная), serverId: f97e167c-0fc1-424b-a9e2-335ed53550bd(VS6)
	channelId: 09f723d1-0d89-47a9-a838-c4773c327669(Вход 2 этаж корридор), serverId: f97e167c-0fc1-424b-a9e2-335ed53550bd(VS6)
	channelId: a7353f77-ad60-4d59-b636-e189ccf64a34(Отдел кадров), serverId: f97e167c-0fc1-424b-a9e2-335ed53550bd(VS6)
	channelId: 9ed6322a-a46a-4a47-889b-07b56a00ae3f(Отдел юристов), serverId: f97e167c-0fc1-424b-a9e2-335ed53550bd(VS6)
	channelId: 75a20903-362d-4033-a505-3af4850fe5c0(Отдел снабжения), serverId: f97e167c-0fc1-424b-a9e2-335ed53550bd(VS6)
	channelId: c24f67af-1e29-45d5-881c-cd1ab458a488(Отдел финансов), serverId: f97e167c-0fc1-424b-a9e2-335ed53550bd(VS6)
	channelId: 59d52f33-88e3-479e-b159-9761d50b1936(Кухня 2 этаж), serverId: f97e167c-0fc1-424b-a9e2-335ed53550bd(VS6)
	channelId: 49c99bc5-87ca-4436-9c12-ecd3de6450d5(Отдел бухгалтерия), serverId: f97e167c-0fc1-424b-a9e2-335ed53550bd(VS6)
	channelId: fda51e0f-72f9-46b6-9c0d-de064f392581(Корридор 1 офис 2 этаж), serverId: f97e167c-0fc1-424b-a9e2-335ed53550bd(VS6)
	channelId: d7d2012c-19a2-4f15-9298-54a103351fd5(Отдел планирования), serverId: f97e167c-0fc1-424b-a9e2-335ed53550bd(VS6)
	channelId: 7b914623-1182-4acc-a377-092191c19c8d(Конструкторская), serverId: f97e167c-0fc1-424b-a9e2-335ed53550bd(VS6)
	channelId: 4507971c-3f11-448e-8526-67552e26a1df(Отдел бухгалтерии - 2), serverId: f97e167c-0fc1-424b-a9e2-335ed53550bd(VS6)
	channelId: 2567697e-9e15-484a-8174-e63e5b2849ee(Пожарный выход), serverId: f97e167c-0fc1-424b-a9e2-335ed53550bd(VS6)
	channelId: efa886b2-c920-4249-a6a6-50e5f553220c(Ресепешн - 2ой этаж), serverId: f97e167c-0fc1-424b-a9e2-335ed53550bd(VS6)
	channelId: e87aebdc-5314-4186-8ffd-b985f3ae7f79(Не работает!), serverId: f97e167c-0fc1-424b-a9e2-335ed53550bd(VS6)
	channelId: 342c55db-9c72-44cb-a4fa-683fffc63ea0(Уборная - 1ый этаж), serverId: f97e167c-0fc1-424b-a9e2-335ed53550bd(VS6)
	channelId: a024507e-6e9d-4a5a-8480-881246a911fe(Технический отдел), serverId: f97e167c-0fc1-424b-a9e2-335ed53550bd(VS6)
	channelId: 38da89c4-ffe0-4e84-a104-76a37fc21c70(Вход в конференц зал), serverId: f97e167c-0fc1-424b-a9e2-335ed53550bd(VS6)
	channelId: 0151a31b-6bdd-4b14-8bb4-5e68d81e9d4e(Прихожая Мед.пункт), serverId: f97e167c-0fc1-424b-a9e2-335ed53550bd(VS6)
	channelId: f529cacd-2091-4a24-94b1-5fff00151369(Конструкторская 2), serverId: f97e167c-0fc1-424b-a9e2-335ed53550bd(VS6)
	channelId: c3fef6fa-daaa-49c5-a633-976d6de58180(B1 Wending Machine 2), serverId: f97e167c-0fc1-424b-a9e2-335ed53550bd(VS6)
	channelId: 44789a8f-4e9e-44a0-ae53-81cc557b8891(Пост - Автовесы 1), serverId: f97e167c-0fc1-424b-a9e2-335ed53550bd(VS6)
	channelId: aba282d2-2052-4dcf-a634-07931953bae7(Пост - Автовесы 2), serverId: f97e167c-0fc1-424b-a9e2-335ed53550bd(VS6)
	channelId: 7eb9b53d-9885-49eb-82c8-a2eb10b9fdfa(Раздевалка Б1-Женская), serverId: f97e167c-0fc1-424b-a9e2-335ed53550bd(VS6)
	channelId: 6279a029-33a3-46ba-87c1-5d67d99e5f30(Гараж - Кабинет), serverId: f97e167c-0fc1-424b-a9e2-335ed53550bd(VS6)
	channelId: f0aeba16-56ad-428a-8f1d-cadaa72556b4(Прачечная), serverId: f97e167c-0fc1-424b-a9e2-335ed53550bd(VS6)
	channelId: 6e0696c3-ef7e-4129-a8b1-a27e2a98ebfe(Кухня 1), serverId: f97e167c-0fc1-424b-a9e2-335ed53550bd(VS6)
	channelId: 390ae764-0cc4-4a9e-9c21-6f146b390890(Кухня Зал 1), serverId: f97e167c-0fc1-424b-a9e2-335ed53550bd(VS6)
	channelId: 3fb3df7e-b638-4fb5-aa7d-1c2642dc9d70(Кухня Зал 2), serverId: f97e167c-0fc1-424b-a9e2-335ed53550bd(VS6)
	channelId: 041a9327-8d56-4cf7-8358-3f3fa56160d8(Кухня Турникет), serverId: f97e167c-0fc1-424b-a9e2-335ed53550bd(VS6)
	channelId: 412134c6-2a97-4750-a5e0-5a41676b3e33(Мех.Обр - Протяжка), serverId: f97e167c-0fc1-424b-a9e2-335ed53550bd(VS6)
	channelId: cb546f56-8738-4583-b244-183a215ef284(Мех.Обр - Торцовка), serverId: f97e167c-0fc1-424b-a9e2-335ed53550bd(VS6)
	channelId: 710340fe-e53c-47ff-8ef6-f630f7abd716(Мех.Обр), serverId: f97e167c-0fc1-424b-a9e2-335ed53550bd(VS6)
	channelId: 0141f781-1e94-4d73-ad4a-1acd6dd45d6b(Мех.Обр - Инжекция 1), serverId: f97e167c-0fc1-424b-a9e2-335ed53550bd(VS6)
	channelId: f6e70bcc-2b6e-4ecf-9a0d-fd997c3d3787(Мех.Обр - Инжекция 2), serverId: f97e167c-0fc1-424b-a9e2-335ed53550bd(VS6)
	channelId: 8d9d4dd8-320f-426b-adde-e7d7ab041f37(Мех.Обр - Инжекция 3), serverId: f97e167c-0fc1-424b-a9e2-335ed53550bd(VS6)
	channelId: 0514ba24-a318-4a42-8eaa-ada15b239ed5(Гальваника), serverId: f97e167c-0fc1-424b-a9e2-335ed53550bd(VS6)
	channelId: 868f3a5b-53c2-4546-b219-147baf1290a0(Цех Экструзионный 1), serverId: f97e167c-0fc1-424b-a9e2-335ed53550bd(VS6)
	channelId: f60fb85a-93a7-4544-b47a-a423bbe42b55(Цех Экструзионный 2), serverId: f97e167c-0fc1-424b-a9e2-335ed53550bd(VS6)
	channelId: 05a5f5f0-27dd-449c-a2e2-64524071a68e(Цех Экструзионный 3), serverId: f97e167c-0fc1-424b-a9e2-335ed53550bd(VS6)
	channelId: 4e4dd035-406c-4e91-8321-bb3f92907b9b(ППР Дробилка 1), serverId: f97e167c-0fc1-424b-a9e2-335ed53550bd(VS6)
	channelId: dcd6ff01-87fd-47d9-8cb7-36d599a0d545(Цех Инжекционный 1), serverId: f97e167c-0fc1-424b-a9e2-335ed53550bd(VS6)
	channelId: a384aec9-0774-4141-8aae-108727a83ff1(Цех Инжекционный 2), serverId: f97e167c-0fc1-424b-a9e2-335ed53550bd(VS6)
	channelId: 309e78cd-437e-4112-b6a7-caa60b750d6f(Цех Инжекционный 3), serverId: f97e167c-0fc1-424b-a9e2-335ed53550bd(VS6)
	channelId: 5dc64667-485e-4651-95a9-f262cc7e09c2(Цех Инжекционный 4), serverId: f97e167c-0fc1-424b-a9e2-335ed53550bd(VS6)
	channelId: f4943d11-70a5-4e15-a913-bc6ca53f6956(Цех Инжекционный 5), serverId: f97e167c-0fc1-424b-a9e2-335ed53550bd(VS6)
	channelId: b1f2a695-f743-4c22-ad73-e2798be10166(Цех Инжекционный - Упаковка), serverId: f97e167c-0fc1-424b-a9e2-335ed53550bd(VS6)
	channelId: 40e00552-6003-423a-b8b5-6e9fb7e2514a(Цех Инструментальный 1), serverId: f97e167c-0fc1-424b-a9e2-335ed53550bd(VS6)
	channelId: 4d17d78c-d72c-4ecc-bc37-35025f793812(Цех Инструментальный 2), serverId: f97e167c-0fc1-424b-a9e2-335ed53550bd(VS6)
	channelId: ffaa15b1-c25a-4897-85b7-3e35c279dc30(Раздевалка Б1 - 3), serverId: f97e167c-0fc1-424b-a9e2-335ed53550bd(VS6)
	channelId: efe5edb8-8e1e-4439-ba4e-d0d94fe4e980(Раздевалка Б1 - 1), serverId: f97e167c-0fc1-424b-a9e2-335ed53550bd(VS6)
	channelId: d6a00eb4-1da6-4959-ad11-1f9e3b2b539d(Цех Инструментальный 5), serverId: f97e167c-0fc1-424b-a9e2-335ed53550bd(VS6)
	channelId: cda13702-9e80-4b51-8275-9e08f762c963(Раздевалка Б1 - 2), serverId: f97e167c-0fc1-424b-a9e2-335ed53550bd(VS6)
	channelId: b9313e7c-445a-45d0-bf02-5acc5548afbb(Цех Экструзионный 4), serverId: f97e167c-0fc1-424b-a9e2-335ed53550bd(VS6)
	channelId: a3136439-175b-48b9-a203-5db4cb984593(Цех Экструзионный 5), serverId: f97e167c-0fc1-424b-a9e2-335ed53550bd(VS6)
	channelId: bc7cbb6e-f572-4d67-96d1-dbc9070c6385(Цех Инжекционный 6), serverId: f97e167c-0fc1-424b-a9e2-335ed53550bd(VS6)
	channelId: adbeb433-6528-4518-b193-aaa81fd346d9(Мех.Обр - Протяжка 2), serverId: f97e167c-0fc1-424b-a9e2-335ed53550bd(VS6)
	channelId: c497ca28-8e34-46ef-992e-641cddf6ca07(Цех Инжекционный 7), serverId: f97e167c-0fc1-424b-a9e2-335ed53550bd(VS6)
	channelId: 4c59020f-d939-487f-b947-cae33dea2dfc(Мех.Обр 2), serverId: f97e167c-0fc1-424b-a9e2-335ed53550bd(VS6)
	channelId: 053a7e34-fe72-4422-bb0e-e1a10103e55e(Склад Общепроизводственный 1), serverId: f97e167c-0fc1-424b-a9e2-335ed53550bd(VS6)
	channelId: fed63168-9f93-418d-aadd-9b250dfcba27(Склад Общепроизводственный 2), serverId: f97e167c-0fc1-424b-a9e2-335ed53550bd(VS6)
	channelId: 7ea0d6f7-3582-4368-8ab2-96ae361ab01a(Кухня 2), serverId: f97e167c-0fc1-424b-a9e2-335ed53550bd(VS6)
	channelId: c0a06acb-ffb6-4f02-95ba-ef3602394900(Подсобка Электриков), serverId: f97e167c-0fc1-424b-a9e2-335ed53550bd(VS6)
	channelId: 6e5d7ee5-b440-488a-9be1-70c1650d1dc3(Новый цех 1), serverId: f97e167c-0fc1-424b-a9e2-335ed53550bd(VS6)
	channelId: eddfca63-0734-4072-b50f-e19331c97388(Цех Экструзионный 7), serverId: f97e167c-0fc1-424b-a9e2-335ed53550bd(VS6)
	channelId: f85bed8a-bb69-496a-9361-17faa8679ed3(Новый цех 3), serverId: f97e167c-0fc1-424b-a9e2-335ed53550bd(VS6)
	channelId: 26635fe1-c450-483a-895a-de1e74a4f575(Цех Инструментальный Улица), serverId: f97e167c-0fc1-424b-a9e2-335ed53550bd(VS6)
	channelId: 5fdc2d52-0d98-43f9-b683-5931965b67a3(Цех Экструзионный 6), serverId: f97e167c-0fc1-424b-a9e2-335ed53550bd(VS6)
	channelId: 93240947-4dc3-4601-a110-6805fa629131(Б1 Новый склад сырья), serverId: f97e167c-0fc1-424b-a9e2-335ed53550bd(VS6)
	channelId: b8d72707-0ebb-4f01-afe8-2ee8a419853d(Электрики), serverId: f97e167c-0fc1-424b-a9e2-335ed53550bd(VS6)
	channelId: 491709d9-579a-4d4b-9188-fc9b9682d71c(Цех Инструментальный Новый 1), serverId: f97e167c-0fc1-424b-a9e2-335ed53550bd(VS6)
	channelId: 7d4bee62-1125-44e7-a7e6-d9934c57e4ed(Цех Инструментальный Новый 2), serverId: f97e167c-0fc1-424b-a9e2-335ed53550bd(VS6)
	channelId: 58fbd4ee-4b13-4891-a3dc-8e6cee690cca(Цех Инструментальный Новый 3), serverId: f97e167c-0fc1-424b-a9e2-335ed53550bd(VS6)
	channelId: 6803720d-eacb-43bc-b374-6211263c4565(ПВХ2), serverId: f97e167c-0fc1-424b-a9e2-335ed53550bd(VS6)
	channelId: d73e76e8-6be0-4c95-96c0-26d961c30bb2(Вход в Инструментальный Цех), serverId: f97e167c-0fc1-424b-a9e2-335ed53550bd(VS6)
	channelId: d8ce3697-f9cf-4a05-9d1e-69f784ebff1a(Пост- База 2- 3), serverId: f97e167c-0fc1-424b-a9e2-335ed53550bd(VS6)
	channelId: 9c1434fd-1cc3-4ce1-a3e2-0e9d2cd695f6(CRM room), serverId: f97e167c-0fc1-424b-a9e2-335ed53550bd(VS6)
	channelId: ecaaac71-8c02-4a78-bf35-8a447e57d8f6(B4 office 2nd Floor Corridor 2), serverId: f97e167c-0fc1-424b-a9e2-335ed53550bd(VS6)
	channelId: 649d9aeb-c4da-4a83-8cdf-08f69e291950(B4 office 2nd Floor Meeting room 1), serverId: f97e167c-0fc1-424b-a9e2-335ed53550bd(VS6)
	channelId: 6aa2c67a-c1f5-4369-a58f-50c785d39c0e(Отдел корп.продаж), serverId: f97e167c-0fc1-424b-a9e2-335ed53550bd(VS6)
	channelId: 45869211-29a1-457a-bf2c-a7d369adcf26(КРАН), serverId: f97e167c-0fc1-424b-a9e2-335ed53550bd(VS6)
	channelId: 0667483b-739c-4e5a-a9e7-f83f8b8e9be3(B4 office reception), serverId: f97e167c-0fc1-424b-a9e2-335ed53550bd(VS6)
	channelId: 77d315a8-5a0c-4154-92c1-926d49192899(Автономера Выход), serverId: f97e167c-0fc1-424b-a9e2-335ed53550bd(VS6)
	channelId: 8a862ebb-2460-4865-af03-0aa7b83b4d57(Автономера Вход), serverId: f97e167c-0fc1-424b-a9e2-335ed53550bd(VS6)
	channelId: 2683a813-a4c7-474b-8c23-1d05e63d5f99(Конференц зал), serverId: f97e167c-0fc1-424b-a9e2-335ed53550bd(VS6)
	channelId: 19d8700d-ceb8-4c15-92bf-f770c7c0d23f(VideoRoom), serverId: f97e167c-0fc1-424b-a9e2-335ed53550bd(VS6)
USERS:
	name: root, canConfigure: True
	name: monitor, canConfigure: False
	name: post2, canConfigure: False
	name: post1, canConfigure: False
	name: farid, canConfigure: False
	name: farkhad, canConfigure: False
	name: reception1, canConfigure: False
	name: vaslanov, canConfigure: False
	name: am, canConfigure: False
	name: vmovlanov, canConfigure: False
	name: kassa, canConfigure: False
	name: post3, canConfigure: False
	name: reception2, canConfigure: False
	name: nmirzagayev, canConfigure: False
	name: abshpost1, canConfigure: False
	name: SumqayitPost, canConfigure: False
	name: yawar, canConfigure: False
	name: muharrem, canConfigure: False
	name: terezi, canConfigure: False
	name: LanguPost, canConfigure: False
	name: Raif, canConfigure: False
	name: Mahir, canConfigure: False
	name: LanguKassa, canConfigure: False
	name: niyazi, canConfigure: False
	name: faiq, canConfigure: False
	name: elcin, canConfigure: False
	name: Murad, canConfigure: False
	name: it, canConfigure: False
	name: ramazan, canConfigure: False
	name: nsafikhanov, canConfigure: False
	name: ahacaliyev, canConfigure: False
	name: test, canConfigure: True
	name: Sarkhan, canConfigure: False

